<?xml version="1.0" encoding="UTF-8"?>
<testsuite name="demo.base.BaseDemoTest" tests="3" skipped="0" failures="0" errors="0" timestamp="2022-07-10T15:26:45" hostname="richard" time="0.02">
  <properties/>
  <testcase name="should_return_sum_6_and_9999999()" classname="demo.base.BaseDemoTest" time="0.013"/>
  <testcase name="should_return_hello_world()" classname="demo.base.BaseDemoTest" time="0.002"/>
  <testcase name="should_return_sum_3_and_4()" classname="demo.base.BaseDemoTest" time="0.001"/>
  <system-out><![CDATA[]]></system-out>
  <system-err><![CDATA[]]></system-err>
</testsuite>
